#
# A fatal error has been detected by the Java Runtime Environment:
#
#  EXCEPTION_ACCESS_VIOLATION (0xc0000005) at pc=0x000000006dc4dda0, pid=10516, tid=10616
#
# JRE version: Java(TM) SE Runtime Environment (8.0_51-b16) (build 1.8.0_51-b16)
# Java VM: Java HotSpot(TM) 64-Bit Server VM (25.51-b03 mixed mode windows-amd64 compressed oops)
# Problematic frame:
# V  [jvm.dll+0xadda0]
#
# Failed to write core dump. Minidumps are not enabled by default on client versions of Windows
#
# If you would like to submit a bug report, please visit:
#   http://bugreport.java.com/bugreport/crash.jsp
#

---------------  T H R E A D  ---------------

Current thread (0x00000000026de800):  GCTaskThread [stack: 0x0000000011f90000,0x0000000012090000] [id=10616]

siginfo: ExceptionCode=0xc0000005, reading address 0x0000000741065660

Registers:
RAX=0x0000000000000000, RBX=0x00000000fcbc8818, RCX=0x00000000fcbc8818, RDX=0x0000000741065658
RSP=0x000000001208f068, RBP=0x0000000011bb1201, RSI=0x0000000013af5540, RDI=0x00000000e6235e00
R8 =0x0000000013af5540, R9 =0x00000000e820c110, R10=0x000000000000000c, R11=0x000000000000000c
R12=0x0000000011bb11a7, R13=0x00000000e47d3398, R14=0x0000000000000000, R15=0x00000000026d3b30
RIP=0x000000006dc4dda0, EFLAGS=0x0000000000010202

Top of Stack: (sp=0x000000001208f068)
0x000000001208f068:   000000006df98182 00000000fcbc8a30
0x000000001208f078:   0000000013af5540 0000000013af5540
0x000000001208f088:   00000000026d4380 00000000ff6b7118
0x000000001208f098:   000000006df988cb 00000000e820bf80
0x000000001208f0a8:   0000000000000400 0000000000000000
0x000000001208f0b8:   0000000013af5500 0000000011bb11a7
0x000000001208f0c8:   000000006df984f0 00000000e820cd4c
0x000000001208f0d8:   0000000011bb1201 0000000013af5540
0x000000001208f0e8:   00000000e6235e00 00000000e820cd4c
0x000000001208f0f8:   000000006df99095 00000000fc3d9870
0x000000001208f108:   0000000011bb1001 0000000013af5540
0x000000001208f118:   0000000000000004 0000000013af5540
0x000000001208f128:   0000000004ce2268 0000000000000000
0x000000001208f138:   000000006df988cb 0000000013af5540
0x000000001208f148:   000000006dcb0fd3 00000000e61f30ed
0x000000001208f158:   00000000e61f30ed 00000000e6235c38 

Instructions: (pc=0x000000006dc4dda0)
0x000000006dc4dd80:   7c 94 1d 00 48 8b 9c 24 d0 00 00 00 48 81 c4 c0
0x000000006dc4dd90:   00 00 00 5d c3 cc cc cc cc cc cc cc cc cc cc cc
0x000000006dc4dda0:   44 8b 42 08 4c 8b ca 45 85 c0 7e 0e 41 f6 c0 01
0x000000006dc4ddb0:   75 57 41 c1 f8 03 41 8b c0 c3 79 4d 80 3d 1e bf 


Register to memory mapping:

RAX=0x0000000000000000 is an unknown value
RBX=0x00000000fcbc8818 is an oop

[error occurred during error reporting (printing register info), id 0xc0000005]

Stack: [0x0000000011f90000,0x0000000012090000],  sp=0x000000001208f068,  free space=1020k
Native frames: (J=compiled Java code, j=interpreted, Vv=VM code, C=native code)
V  [jvm.dll+0xadda0]


---------------  P R O C E S S  ---------------

Java Threads: ( => current thread )
  0x0000000015df6000 JavaThread "com.google.inject.internal.util.$Finalizer" daemon [_thread_blocked, id=10524, stack(0x0000000017450000,0x0000000017550000)]
  0x0000000015c5d800 JavaThread "EMF Reference Cleaner" daemon [_thread_blocked, id=2356, stack(0x0000000017150000,0x0000000017250000)]
  0x0000000013b8e800 JavaThread "Service Thread" daemon [_thread_blocked, id=5664, stack(0x0000000015780000,0x0000000015880000)]
  0x0000000013b3a800 JavaThread "C1 CompilerThread2" daemon [_thread_blocked, id=8864, stack(0x0000000015280000,0x0000000015380000)]
  0x0000000013b36800 JavaThread "C2 CompilerThread1" daemon [_thread_blocked, id=4180, stack(0x0000000015180000,0x0000000015280000)]
  0x0000000013b31000 JavaThread "C2 CompilerThread0" daemon [_thread_in_native, id=7784, stack(0x0000000015080000,0x0000000015180000)]
  0x0000000013b2e800 JavaThread "Attach Listener" daemon [_thread_blocked, id=6404, stack(0x0000000014f80000,0x0000000015080000)]
  0x0000000013b2d000 JavaThread "Signal Dispatcher" daemon [_thread_blocked, id=9156, stack(0x0000000014e80000,0x0000000014f80000)]
  0x00000000027b8000 JavaThread "Finalizer" daemon [_thread_blocked, id=848, stack(0x0000000014d80000,0x0000000014e80000)]
  0x00000000027af000 JavaThread "Reference Handler" daemon [_thread_blocked, id=5708, stack(0x0000000014c80000,0x0000000014d80000)]
  0x00000000026c2800 JavaThread "main" [_thread_blocked, id=8796, stack(0x00000000025c0000,0x00000000026c0000)]

Other Threads:
  0x0000000013af6800 VMThread [stack: 0x0000000014b80000,0x0000000014c80000] [id=9340]
  0x00000000153c2000 WatcherThread [stack: 0x0000000015880000,0x0000000015980000] [id=6308]

=>0x00000000026de800 (exited) GCTaskThread [stack: 0x0000000011f90000,0x0000000012090000] [id=10616]

VM state:at safepoint (normal execution)

VM Mutex/Monitor currently owned by a thread:  ([mutex/lock_event])
[0x00000000024ce590] Threads_lock - owner thread: 0x0000000013af6800
[0x00000000024cdf90] Heap_lock - owner thread: 0x00000000026c2800

Heap:
 PSYoungGen      total 132096K, used 132092K [0x00000000f5580000, 0x0000000100000000, 0x0000000100000000)
  eden space 89600K, 100% used [0x00000000f5580000,0x00000000fad00000,0x00000000fad00000)
  from space 42496K, 99% used [0x00000000fad00000,0x00000000fd67f228,0x00000000fd680000)
  to   space 42496K, 99% used [0x00000000fd680000,0x00000000fffff1a8,0x0000000100000000)
 ParOldGen       total 177664K, used 151729K [0x00000000e0000000, 0x00000000ead80000, 0x00000000f5580000)
  object space 177664K, 85% used [0x00000000e0000000,0x00000000e942c420,0x00000000ead80000)
 Metaspace       used 38311K, capacity 38926K, committed 39040K, reserved 1083392K
  class space    used 4087K, capacity 4224K, committed 4224K, reserved 1048576K

Card table byte_map: [0x0000000011b80000,0x0000000011c90000] byte_map_base: 0x0000000011480000

Marking Bits: (ParMarkBitMap*) 0x000000006e3a4040
 Begin Bits: [0x0000000012090000, 0x0000000012890000)
 End Bits:   [0x0000000012890000, 0x0000000013090000)

Polling page: 0x00000000023c0000

CodeCache: size=245760Kb used=40148Kb max_used=40166Kb free=205611Kb
 bounds [0x00000000027c0000, 0x0000000004f30000, 0x00000000117c0000]
 total_blobs=9774 nmethods=9367 adapters=317
 compilation: enabled

Compilation events (10 events):
Event: 72.113 Thread 0x0000000013b36800 nmethod 11963 0x0000000004f21f50 code [0x0000000004f22300, 0x0000000004f261f0]
Event: 72.113 Thread 0x0000000013b36800 11979       4       org.antlr.misc.IntervalSet::member (77 bytes)
Event: 72.118 Thread 0x0000000013b36800 nmethod 11979 0x0000000004efebd0 code [0x0000000004efed20, 0x0000000004efef38]
Event: 72.118 Thread 0x0000000013b36800 11978       4       org.antlr.analysis.LL1Analyzer::_FIRST (353 bytes)
Event: 72.199 Thread 0x0000000013b3a800 11988       2       org.antlr.analysis.SemanticContext$Predicate::genExpr (134 bytes)
Event: 72.200 Thread 0x0000000013b3a800 nmethod 11988 0x0000000004f01150 code [0x0000000004f01380, 0x0000000004f018f8]
Event: 72.200 Thread 0x0000000013b3a800 11989       2       org.antlr.analysis.SemanticContext$Predicate::toString (18 bytes)
Event: 72.201 Thread 0x0000000013b3a800 nmethod 11989 0x0000000004f00d50 code [0x0000000004f00ec0, 0x0000000004f01088]
Event: 72.211 Thread 0x0000000013b3a800 11990       2       org.antlr.codegen.CodeGenerator::canGenerateSwitch (134 bytes)
Event: 72.212 Thread 0x0000000013b3a800 nmethod 11990 0x0000000004efff50 code [0x0000000004f00160, 0x0000000004f00798]

GC Heap History (10 events):
Event: 68.186 GC heap after
Heap after GC invocations=93 (full 4):
 PSYoungGen      total 162304K, used 0K [0x00000000f5580000, 0x0000000100000000, 0x0000000100000000)
  eden space 151552K, 0% used [0x00000000f5580000,0x00000000f5580000,0x00000000fe980000)
  from space 10752K, 0% used [0x00000000fe980000,0x00000000fe980000,0x00000000ff400000)
  to   space 12288K, 0% used [0x00000000ff400000,0x00000000ff400000,0x0000000100000000)
 ParOldGen       total 177664K, used 94402K [0x00000000e0000000, 0x00000000ead80000, 0x00000000f5580000)
  object space 177664K, 53% used [0x00000000e0000000,0x00000000e5c309d8,0x00000000ead80000)
 Metaspace       used 37521K, capacity 38158K, committed 38272K, reserved 1083392K
  class space    used 4067K, capacity 4224K, committed 4224K, reserved 1048576K
}
Event: 69.694 GC heap before
{Heap before GC invocations=94 (full 4):
 PSYoungGen      total 162304K, used 151552K [0x00000000f5580000, 0x0000000100000000, 0x0000000100000000)
  eden space 151552K, 100% used [0x00000000f5580000,0x00000000fe980000,0x00000000fe980000)
  from space 10752K, 0% used [0x00000000fe980000,0x00000000fe980000,0x00000000ff400000)
  to   space 12288K, 0% used [0x00000000ff400000,0x00000000ff400000,0x0000000100000000)
 ParOldGen       total 177664K, used 94402K [0x00000000e0000000, 0x00000000ead80000, 0x00000000f5580000)
  object space 177664K, 53% used [0x00000000e0000000,0x00000000e5c309d8,0x00000000ead80000)
 Metaspace       used 37948K, capacity 38606K, committed 38784K, reserved 1083392K
  class space    used 4084K, capacity 4224K, committed 4224K, reserved 1048576K
Event: 69.769 GC heap after
Heap after GC invocations=94 (full 4):
 PSYoungGen      total 119296K, used 12283K [0x00000000f5580000, 0x0000000100000000, 0x0000000100000000)
  eden space 107008K, 0% used [0x00000000f5580000,0x00000000f5580000,0x00000000fbe00000)
  from space 12288K, 99% used [0x00000000ff400000,0x00000000ffffef78,0x0000000100000000)
  to   space 33792K, 0% used [0x00000000fbe00000,0x00000000fbe00000,0x00000000fdf00000)
 ParOldGen       total 177664K, used 117389K [0x00000000e0000000, 0x00000000ead80000, 0x00000000f5580000)
  object space 177664K, 66% used [0x00000000e0000000,0x00000000e72a3550,0x00000000ead80000)
 Metaspace       used 37948K, capacity 38606K, committed 38784K, reserved 1083392K
  class space    used 4084K, capacity 4224K, committed 4224K, reserved 1048576K
}
Event: 70.414 GC heap before
{Heap before GC invocations=95 (full 4):
 PSYoungGen      total 119296K, used 119291K [0x00000000f5580000, 0x0000000100000000, 0x0000000100000000)
  eden space 107008K, 100% used [0x00000000f5580000,0x00000000fbe00000,0x00000000fbe00000)
  from space 12288K, 99% used [0x00000000ff400000,0x00000000ffffef78,0x0000000100000000)
  to   space 33792K, 0% used [0x00000000fbe00000,0x00000000fbe00000,0x00000000fdf00000)
 ParOldGen       total 177664K, used 117389K [0x00000000e0000000, 0x00000000ead80000, 0x00000000f5580000)
  object space 177664K, 66% used [0x00000000e0000000,0x00000000e72a3550,0x00000000ead80000)
 Metaspace       used 37948K, capacity 38606K, committed 38784K, reserved 1083392K
  class space    used 4084K, capacity 4224K, committed 4224K, reserved 1048576K
Event: 70.453 GC heap after
Heap after GC invocations=95 (full 4):
 PSYoungGen      total 128512K, used 21244K [0x00000000f5580000, 0x0000000100000000, 0x0000000100000000)
  eden space 107008K, 0% used [0x00000000f5580000,0x00000000f5580000,0x00000000fbe00000)
  from space 21504K, 98% used [0x00000000fbe00000,0x00000000fd2bf168,0x00000000fd300000)
  to   space 35328K, 0% used [0x00000000fdd80000,0x00000000fdd80000,0x0000000100000000)
 ParOldGen       total 177664K, used 117389K [0x00000000e0000000, 0x00000000ead80000, 0x00000000f5580000)
  object space 177664K, 66% used [0x00000000e0000000,0x00000000e72a3550,0x00000000ead80000)
 Metaspace       used 37948K, capacity 38606K, committed 38784K, reserved 1083392K
  class space    used 4084K, capacity 4224K, committed 4224K, reserved 1048576K
}
Event: 70.802 GC heap before
{Heap before GC invocations=96 (full 4):
 PSYoungGen      total 128512K, used 128252K [0x00000000f5580000, 0x0000000100000000, 0x0000000100000000)
  eden space 107008K, 100% used [0x00000000f5580000,0x00000000fbe00000,0x00000000fbe00000)
  from space 21504K, 98% used [0x00000000fbe00000,0x00000000fd2bf168,0x00000000fd300000)
  to   space 35328K, 0% used [0x00000000fdd80000,0x00000000fdd80000,0x0000000100000000)
 ParOldGen       total 177664K, used 117389K [0x00000000e0000000, 0x00000000ead80000, 0x00000000f5580000)
  object space 177664K, 66% used [0x00000000e0000000,0x00000000e72a3550,0x00000000ead80000)
 Metaspace       used 37948K, capacity 38606K, committed 38784K, reserved 1083392K
  class space    used 4084K, capacity 4224K, committed 4224K, reserved 1048576K
Event: 70.851 GC heap after
Heap after GC invocations=96 (full 4):
 PSYoungGen      total 124928K, used 35324K [0x00000000f5580000, 0x0000000100000000, 0x0000000100000000)
  eden space 89600K, 0% used [0x00000000f5580000,0x00000000f5580000,0x00000000fad00000)
  from space 35328K, 99% used [0x00000000fdd80000,0x00000000fffff248,0x0000000100000000)
  to   space 42496K, 0% used [0x00000000fad00000,0x00000000fad00000,0x00000000fd680000)
 ParOldGen       total 177664K, used 118171K [0x00000000e0000000, 0x00000000ead80000, 0x00000000f5580000)
  object space 177664K, 66% used [0x00000000e0000000,0x00000000e7366e90,0x00000000ead80000)
 Metaspace       used 37948K, capacity 38606K, committed 38784K, reserved 1083392K
  class space    used 4084K, capacity 4224K, committed 4224K, reserved 1048576K
}
Event: 71.524 GC heap before
{Heap before GC invocations=97 (full 4):
 PSYoungGen      total 124928K, used 124924K [0x00000000f5580000, 0x0000000100000000, 0x0000000100000000)
  eden space 89600K, 100% used [0x00000000f5580000,0x00000000fad00000,0x00000000fad00000)
  from space 35328K, 99% used [0x00000000fdd80000,0x00000000fffff248,0x0000000100000000)
  to   space 42496K, 0% used [0x00000000fad00000,0x00000000fad00000,0x00000000fd680000)
 ParOldGen       total 177664K, used 118171K [0x00000000e0000000, 0x00000000ead80000, 0x00000000f5580000)
  object space 177664K, 66% used [0x00000000e0000000,0x00000000e7366e90,0x00000000ead80000)
 Metaspace       used 38301K, capacity 38926K, committed 39040K, reserved 1083392K
  class space    used 4087K, capacity 4224K, committed 4224K, reserved 1048576K
Event: 71.654 GC heap after
Heap after GC invocations=97 (full 4):
 PSYoungGen      total 132096K, used 42492K [0x00000000f5580000, 0x0000000100000000, 0x0000000100000000)
  eden space 89600K, 0% used [0x00000000f5580000,0x00000000f5580000,0x00000000fad00000)
  from space 42496K, 99% used [0x00000000fad00000,0x00000000fd67f228,0x00000000fd680000)
  to   space 42496K, 0% used [0x00000000fd680000,0x00000000fd680000,0x0000000100000000)
 ParOldGen       total 177664K, used 125322K [0x00000000e0000000, 0x00000000ead80000, 0x00000000f5580000)
  object space 177664K, 70% used [0x00000000e0000000,0x00000000e7a62858,0x00000000ead80000)
 Metaspace       used 38301K, capacity 38926K, committed 39040K, reserved 1083392K
  class space    used 4087K, capacity 4224K, committed 4224K, reserved 1048576K
}
Event: 72.224 GC heap before
{Heap before GC invocations=98 (full 4):
 PSYoungGen      total 132096K, used 132092K [0x00000000f5580000, 0x0000000100000000, 0x0000000100000000)
  eden space 89600K, 100% used [0x00000000f5580000,0x00000000fad00000,0x00000000fad00000)
  from space 42496K, 99% used [0x00000000fad00000,0x00000000fd67f228,0x00000000fd680000)
  to   space 42496K, 0% used [0x00000000fd680000,0x00000000fd680000,0x0000000100000000)
 ParOldGen       total 177664K, used 125322K [0x00000000e0000000, 0x00000000ead80000, 0x00000000f5580000)
  object space 177664K, 70% used [0x00000000e0000000,0x00000000e7a62858,0x00000000ead80000)
 Metaspace       used 38311K, capacity 38926K, committed 39040K, reserved 1083392K
  class space    used 4087K, capacity 4224K, committed 4224K, reserved 1048576K

Deoptimization events (10 events):
Event: 71.082 Thread 0x00000000026c2800 Uncommon trap: reason=class_check action=maybe_recompile pc=0x0000000004e37478 method=org.antlr.analysis.DFAState.getGatedPredicatesInNFAConfigurations()Lorg/antlr/analysis/SemanticContext; @ 59
Event: 71.082 Thread 0x00000000026c2800 Uncommon trap: reason=class_check action=maybe_recompile pc=0x0000000004e37478 method=org.antlr.analysis.DFAState.getGatedPredicatesInNFAConfigurations()Lorg/antlr/analysis/SemanticContext; @ 59
Event: 71.083 Thread 0x00000000026c2800 Uncommon trap: reason=bimorphic action=maybe_recompile pc=0x0000000004e08c8c method=org.antlr.analysis.NFAConfiguration.equals(Ljava/lang/Object;)Z @ 55
Event: 71.083 Thread 0x00000000026c2800 Uncommon trap: reason=bimorphic action=maybe_recompile pc=0x0000000004e08c8c method=org.antlr.analysis.NFAConfiguration.equals(Ljava/lang/Object;)Z @ 55
Event: 71.083 Thread 0x00000000026c2800 Uncommon trap: reason=bimorphic action=maybe_recompile pc=0x0000000004e08c8c method=org.antlr.analysis.NFAConfiguration.equals(Ljava/lang/Object;)Z @ 55
Event: 71.083 Thread 0x00000000026c2800 Uncommon trap: reason=bimorphic action=maybe_recompile pc=0x0000000004e08c8c method=org.antlr.analysis.NFAConfiguration.equals(Ljava/lang/Object;)Z @ 55
Event: 71.084 Thread 0x00000000026c2800 Uncommon trap: reason=bimorphic action=maybe_recompile pc=0x0000000004db3eb0 method=org.antlr.analysis.NFAConfiguration.equals(Ljava/lang/Object;)Z @ 55
Event: 71.085 Thread 0x00000000026c2800 Uncommon trap: reason=bimorphic action=maybe_recompile pc=0x0000000004df6e54 method=org.antlr.analysis.NFAConfiguration.equals(Ljava/lang/Object;)Z @ 55
Event: 71.190 Thread 0x00000000026c2800 Uncommon trap: reason=unstable_if action=reinterpret pc=0x0000000004dd91dc method=org.antlr.analysis.LL1Analyzer._FIRST(Lorg/antlr/analysis/NFAState;Z)Lorg/antlr/analysis/LookaheadSet; @ 1
Event: 71.190 Thread 0x00000000026c2800 Uncommon trap: reason=unstable_if action=reinterpret pc=0x0000000004d96830 method=org.antlr.misc.IntervalSet.member(I)Z @ 64

Internal exceptions (10 events):
Event: 60.644 Thread 0x00000000026c2800 Exception <a 'java/lang/ClassNotFoundException': org/eclipse/xtext/impl/GeneratedMetamodelImplCustomizer> (0x00000000f9b40cd0) thrown at [C:\re\workspace\8-2-build-windows-amd64-cygwin\jdk8u51\3951\hotspot\src\share\vm\classfile\systemDictionary.cpp, line ðuªµ‡RN@
Event: 60.645 Thread 0x00000000026c2800 Exception <a 'java/lang/ClassNotFoundException': org/eclipse/xtext/GeneratedMetamodelBeanInfo> (0x00000000f9b5a4f8) thrown at [C:\re\workspace\8-2-build-windows-amd64-cygwin\jdk8u51\3951\hotspot\src\share\vm\classfile\systemDictionary.cpp, line 210]
Event: 60.645 Thread 0x00000000026c2800 Exception <a 'java/lang/ClassNotFoundException': org/eclipse/xtext/GeneratedMetamodelCustomizer> (0x00000000f9b64768) thrown at [C:\re\workspace\8-2-build-windows-amd64-cygwin\jdk8u51\3951\hotspot\src\share\vm\classfile\systemDictionary.cpp, line 210]
Event: 60.646 Thread 0x00000000026c2800 Exception <a 'java/lang/ClassNotFoundException': org/eclipse/xtext/AbstractMetamodelDeclarationBeanInfo> (0x00000000f9b738f8) thrown at [C:\re\workspace\8-2-build-windows-amd64-cygwin\jdk8u51\3951\hotspot\src\share\vm\classfile\systemDictionary.cpp, line 2‹z¿RN@
Event: 60.646 Thread 0x00000000026c2800 Exception <a 'java/lang/ClassNotFoundException': org/eclipse/xtext/AbstractMetamodelDeclarationCustomizer> (0x00000000f9b7f038) thrown at [C:\re\workspace\8-2-build-windows-amd64-cygwin\jdk8u51\3951\hotspot\src\share\vm\classfile\systemDictionary.cpp, line#‹ý*…„O@
Event: 63.035 Thread 0x00000000026c2800 Implicit null exception at 0x0000000003c0a955 to 0x0000000003c0aa05
Event: 66.804 Thread 0x00000000026c2800 Implicit null exception at 0x00000000032403c4 to 0x00000000032405f9
Event: 68.578 Thread 0x00000000026c2800 Implicit null exception at 0x0000000003acb790 to 0x0000000003acb7c1
Event: 69.253 Thread 0x00000000026c2800 Implicit null exception at 0x0000000002c757b0 to 0x0000000002c757c0
Event: 69.398 Thread 0x00000000026c2800 Implicit null exception at 0x0000000004d8490c to 0x0000000004d89999

Events (10 events):
Event: 71.190 Thread 0x00000000026c2800 DEOPT UNPACKING pc=0x000000000280582a sp=0x00000000026bdb38 mode 2
Event: 71.328 Executing VM operation: ForceSafepoint
Event: 71.328 Executing VM operation: ForceSafepoint done
Event: 71.524 Executing VM operation: ParallelGCFailedAllocation
Event: 71.654 Executing VM operation: ParallelGCFailedAllocation done
Event: 71.894 Thread 0x00000000026c2800 DEOPT PACKING pc=0x0000000004647c5a sp=0x00000000026bd4a0
Event: 71.894 Thread 0x00000000026c2800 DEOPT UNPACKING pc=0x000000000280747f sp=0x00000000026bd190 mode 0
Event: 72.034 Thread 0x00000000026c2800 DEOPT PACKING pc=0x0000000004e95032 sp=0x00000000026bd590
Event: 72.034 Thread 0x00000000026c2800 DEOPT UNPACKING pc=0x000000000280747f sp=0x00000000026bd300 mode 0
Event: 72.224 Executing VM operation: ParallelGCFailedAllocation


Dynamic libraries:
0x00007ff778050000 - 0x00007ff778087000 	C:\Program Files\Java\jre1.8.0_51\bin\javaw.exe
0x00007ff8567f0000 - 0x00007ff85699c000 	C:\Windows\SYSTEM32\ntdll.dll
0x00007ff854630000 - 0x00007ff85476e000 	C:\Windows\system32\KERNEL32.DLL
0x00007ff853ad0000 - 0x00007ff853be5000 	C:\Windows\system32\KERNELBASE.dll
0x00007ff8524d0000 - 0x00007ff85255e000 	C:\Windows\system32\apphelp.dll
0x00007ff843b20000 - 0x00007ff843b73000 	C:\Windows\AppPatch\AppPatch64\AcGenral.DLL
0x00007ff854d20000 - 0x00007ff854dca000 	C:\Windows\system32\msvcrt.dll
0x00007ff853780000 - 0x00007ff8537ae000 	C:\Windows\SYSTEM32\SspiCli.dll
0x00007ff856620000 - 0x00007ff856674000 	C:\Windows\system32\SHLWAPI.dll
0x00007ff856360000 - 0x00007ff8564d7000 	C:\Windows\system32\USER32.dll
0x00007ff8549d0000 - 0x00007ff854b64000 	C:\Windows\system32\ole32.dll
0x00007ff854e40000 - 0x00007ff856359000 	C:\Windows\system32\SHELL32.dll
0x00007ff852ef0000 - 0x00007ff852f11000 	C:\Windows\SYSTEM32\USERENV.dll
0x00007ff856740000 - 0x00007ff8567ea000 	C:\Windows\system32\ADVAPI32.dll
0x00007ff849e40000 - 0x00007ff849e5e000 	C:\Windows\SYSTEM32\MPR.dll
0x00007ff854230000 - 0x00007ff854371000 	C:\Windows\system32\RPCRT4.dll
0x00007ff853fa0000 - 0x00007ff853ff9000 	C:\Windows\SYSTEM32\sechost.dll
0x00007ff8547b0000 - 0x00007ff8549c1000 	C:\Windows\SYSTEM32\combase.dll
0x00007ff8544e0000 - 0x00007ff854630000 	C:\Windows\system32\GDI32.dll
0x00007ff853950000 - 0x00007ff853965000 	C:\Windows\SYSTEM32\profapi.dll
0x00007ff851c70000 - 0x00007ff851d22000 	C:\Windows\SYSTEM32\SHCORE.dll
0x00007ff854770000 - 0x00007ff8547a6000 	C:\Windows\system32\IMM32.DLL
0x00007ff854380000 - 0x00007ff8544d2000 	C:\Windows\system32\MSCTF.dll
0x000000006f400000 - 0x000000006f438000 	C:\PROGRA~2\Sophos\SOPHOS~1\SOPHOS~2.DLL
0x00007ff8541f0000 - 0x00007ff8541f7000 	C:\Windows\system32\PSAPI.DLL
0x00007ff851190000 - 0x00007ff85140a000 	C:\Windows\WinSxS\amd64_microsoft.windows.common-controls_6595b64144ccf1df_6.0.9600.17810_none_6240b9c7ecbd0bda\COMCTL32.dll
0x0000000070120000 - 0x00000000701f2000 	C:\Program Files\Java\jre1.8.0_51\bin\msvcr100.dll
0x000000006dba0000 - 0x000000006e423000 	C:\Program Files\Java\jre1.8.0_51\bin\server\jvm.dll
0x00007ff84c3e0000 - 0x00007ff84c3e9000 	C:\Windows\SYSTEM32\WSOCK32.dll
0x00007ff84c610000 - 0x00007ff84c632000 	C:\Windows\SYSTEM32\WINMM.dll
0x00007ff8508a0000 - 0x00007ff8508aa000 	C:\Windows\SYSTEM32\VERSION.dll
0x00007ff8564e0000 - 0x00007ff85653a000 	C:\Windows\system32\WS2_32.dll
0x00007ff84c450000 - 0x00007ff84c47a000 	C:\Windows\SYSTEM32\WINMMBASE.dll
0x00007ff854220000 - 0x00007ff854229000 	C:\Windows\system32\NSI.dll
0x00007ff853a80000 - 0x00007ff853acf000 	C:\Windows\SYSTEM32\cfgmgr32.dll
0x00007ff852750000 - 0x00007ff852778000 	C:\Windows\SYSTEM32\DEVOBJ.dll
0x00000000702c0000 - 0x00000000702cf000 	C:\Program Files\Java\jre1.8.0_51\bin\verify.dll
0x0000000070290000 - 0x00000000702b9000 	C:\Program Files\Java\jre1.8.0_51\bin\java.dll
0x0000000070270000 - 0x0000000070286000 	C:\Program Files\Java\jre1.8.0_51\bin\zip.dll
0x00007ff850dc0000 - 0x00007ff850f49000 	C:\Windows\SYSTEM32\dbghelp.dll

VM Arguments:
jvm_args: -Xmx512M -Dfile.encoding=UTF-8 
java_command: org.eclipse.emf.mwe2.launch.runtime.Mwe2Launcher src/de/wwu/md2/framework/GenerateMD2.mwe2
java_class_path (initial): C:\Users\Fabian\Programme\eclipse-dsl-mars-R-win32-x86_64\eclipse\plugins\org.eclipse.xtext_2.8.3.v201506010551.jar;C:\Users\Fabian\Programme\eclipse-dsl-mars-R-win32-x86_64\eclipse\plugins\org.eclipse.emf.ecore.xmi_2.11.0.v20150512-0501.jar;C:\Users\Fabian\Programme\eclipse-dsl-mars-R-win32-x86_64\eclipse\plugins\org.eclipse.emf.ecore_2.11.0.v20150512-0501.jar;C:\Users\Fabian\Programme\eclipse-dsl-mars-R-win32-x86_64\eclipse\plugins\org.eclipse.emf.common_2.11.0.v20150512-0501.jar;C:\Users\Fabian\Programme\eclipse-dsl-mars-R-win32-x86_64\eclipse\plugins\org.antlr.runtime_3.2.0.v201101311130.jar;C:\Users\Fabian\Programme\eclipse-dsl-mars-R-win32-x86_64\eclipse\plugins\com.google.inject_3.0.0.v201312141243.jar;C:\Users\Fabian\Programme\eclipse-dsl-mars-R-win32-x86_64\eclipse\plugins\org.eclipse.emf.mwe.core_1.3.10.v201505260335.jar;C:\Users\Fabian\Programme\eclipse-dsl-mars-R-win32-x86_64\eclipse\plugins\org.apache.commons.cli_1.2.0.v201404270220.jar;C:\Users\Fabian\Programme\eclipse-dsl-mars-R-win32-x86_64\eclipse\plugins\org.eclipse.emf.mwe2.runtime_2.8.0.v201505260335.jar;C:\Users\Fabian\Programme\eclipse-dsl-mars-R-win32-x86_64\eclipse\plugins\org.eclipse.emf.mwe.utils_1.3.10.v201505260335.jar;C:\Users\Fabian\Programme\eclipse-dsl-mars-R-win32-x86_64\eclipse\plugins\org.eclipse.xtext.util_2.8.3.v201506010551.jar;C:\Users\Fabian\Programme\eclipse-dsl-mars-R-win32-x86_64\eclipse\plugins\com.google.guava_15.0.0.v201403281430.jar;C:\Users\Fabian\Programme\eclipse-dsl-mars-R-win32-x86_64\eclipse\plugins\javax.inject_1.0.0.v20091030.jar;C:\Users\Fabian\Programme\eclipse-dsl-mars-R-win32-x86_64\eclipse\plugins\org.apache.log4j_1.2.15.v201012070815.jar;C:\Users\Fabian\Programme\eclipse-dsl-mars-R-win32-x86_64\eclipse\plugins\org.apache.commons.logging_1.1.1.v201101211721.jar;C:\Users\Fabian\Programme\eclipse-dsl-mars-R-win32-x86_64\eclipse\plugins\org.eclipse.xtext.generator_2.8.3.v201506010551.jar;C:\Users\Fabian\Programme\eclipse-dsl-mars-R
Launcher Type: SUN_STANDARD

Environment Variables:
JAVA_HOME=C:\Program Files\Java\jdk1.8.0_45
PATH=C:/Program Files/Java/jre1.8.0_51/bin/server;C:/Program Files/Java/jre1.8.0_51/bin;C:/Program Files/Java/jre1.8.0_51/lib/amd64;C:\ProgramData\Oracle\Java\javapath;C:\Windows\System32\Wbem;C:\Program Files\Common Files\Apple\Mobile Device Support\;C:\Program Files (x86)\Common Files\Apple\Apple Application Support;C:\Program Files (x86)\Common Files\Apple\Mobile Device Support\;C:\Program Files (x86)\Skype\Phone\;C:\Program Files (x86)\QuickTime\QTSystem\;C:\Users\Fabian\Programme\eclipse-dsl-mars-R-win32-x86_64\eclipse;
USERNAME=Fabian
OS=Windows_NT
PROCESSOR_IDENTIFIER=Intel64 Family 6 Model 37 Stepping 2, GenuineIntel



---------------  S Y S T E M  ---------------

OS: Windows 8.1 , 64 bit Build 9600 (6.3.9600.17415)

CPU:total 4 (2 cores per cpu, 2 threads per core) family 6 model 37 stepping 2, cmov, cx8, fxsr, mmx, sse, sse2, sse3, ssse3, sse4.1, sse4.2, popcnt, ht, tsc, tscinvbit

Memory: 4k page, physical 4054108k(706120k free), swap 15610272k(9580744k free)

vm_info: Java HotSpot(TM) 64-Bit Server VM (25.51-b03) for windows-amd64 JRE (1.8.0_51-b16), built on Jun  8 2015 18:03:07 by "java_re" with MS VC++ 10.0 (VS2010)

time: Mon Jul 27 19:00:51 2015
elapsed time: 72 seconds (0d 0h 1m 12s)

